<?xml version="1.0" encoding="UTF-8"?>
<!-- Generated by org.testng.reporters.JUnitReportReporter -->
<testsuite hostname="LAPTOP-NHB4MO6K" failures="0" tests="1" name="testcases.Google" time="42.291" errors="0" timestamp="2025-09-21T12:57:18 IST" skipped="0">
  <testcase classname="testcases.Google" name="test" time="42.291"/>
  <system-out/>
</testsuite> <!-- testcases.Google -->
