<?xml version="1.0" encoding="UTF-8"?>
<!-- Generated by org.testng.reporters.JUnitReportReporter -->
<testsuite hostname="LAPTOP-NHB4MO6K" failures="0" tests="1" name="testcases.Google" time="140.627" errors="0" timestamp="2025-09-27T14:02:38 IST" skipped="0">
  <testcase classname="testcases.Google" name="test" time="140.627"/>
  <system-out/>
</testsuite> <!-- testcases.Google -->
